2024-11-21 03:12:59,845 DEBUG    root            Loaded Command Group: ['gcloud', 'config']
2024-11-21 03:12:59,850 DEBUG    root            Loaded Command Group: ['gcloud', 'config', 'config_helper']
2024-11-21 03:12:59,852 DEBUG    root            Running [gcloud.config.config-helper] with arguments: [--format: "json", --min-expiry: "1800"]
2024-11-21 03:12:59,934 DEBUG    google.auth.transport.requests Making request: GET http://metadata.google.internal/computeMetadata/v1/instance/service-accounts/655293798093-compute@developer.gserviceaccount.com/?recursive=true
2024-11-21 03:12:59,937 DEBUG    urllib3.connectionpool Starting new HTTP connection (1): metadata.google.internal:80
2024-11-21 03:12:59,939 DEBUG    urllib3.connectionpool http://metadata.google.internal:80 "GET /computeMetadata/v1/instance/service-accounts/655293798093-compute@developer.gserviceaccount.com/?recursive=true HTTP/1.1" 200 155
2024-11-21 03:12:59,941 DEBUG    google.auth.transport.requests Making request: GET http://metadata.google.internal/computeMetadata/v1/instance/service-accounts/655293798093-compute@developer.gserviceaccount.com/token
2024-11-21 03:12:59,943 DEBUG    urllib3.connectionpool http://metadata.google.internal:80 "GET /computeMetadata/v1/instance/service-accounts/655293798093-compute@developer.gserviceaccount.com/token HTTP/1.1" 200 869
2024-11-21 03:12:59,987 DEBUG    root            Chosen display Format:default json
2024-11-21 03:12:59,988 INFO     root            Display format: "default json"
2024-11-21 03:13:00,043 INFO     ___FILE_ONLY___ {
  "configuration": {
    "active_configuration": "default",
    "properties": {
      "compute": {
        "region": "us-central1"
      },
      "core": {
        "account": "655293798093-compute@developer.gserviceaccount.com",
        "disable_usage_reporting": "True",
        "project": "oil-gas-analysis"
      },
      "dataproc": {
        "region": "us-central1"
      }
    }
  },
  "credential": {
    "access_token": "ya29.c.c0ASRK0GY9RD21U8lcAsI4adLOKuaqOWMF8VB8H4XPU0hVSLO721ugZLFMNFjwrNYm4guz56ZjnoqYlwuIg5JvI7OsxjTnq71gUHTm1UA7WBz53px8oYe1WpIN4jO73VIgwTHND_We2zKY_SPzzqs7U5fbzW3BJEh0hx-Lqehy1PlJPr2YijWtTSC0hwnZub7H2G78YYXSuoYzBY6HIjJEXo1sRzm9GcIFB4pW-HVR-K8dBQ_Y8BuEy9NowaT07Y6ojZpA8WMHIAOg5RtYnI8yUenaH2IhUSYFDisofilvjx0gS7sCgQmA3xWnAcSq1xzHlVtvk2ngzAAvk2vK1knMyV_mT5Sjl7eDpt6GqIcSnWBfq3AX4jXdFnFacz2GO-BipuNXlrXhPn5p0AvlBMquT413CxUkZ1gm5ub2YFdjs_e0hgb1vRt-qY10JuVvg8r1vhx-XO1MbshMr10pR7W-m-_aphdciiy9QfbMqZ842W0tOkxBIjtgkrIW9s8IgYnMRXfXy4Mjl4eWM3jS6b8OMij6Ms_M9SBqr0W3MUBdm4m4hQhXfvySn0t_IRr-1ypiBrk5y7mfSuQJbYbm0pbByhJQfzXUty8oMxVr5pW2F0dfJ332XQRtigni3j3oFa-iIQUOIYQ-c8Y86ZXnemIMbuqMSyrf0ygdIRW3m1IUpFV4hw4e333M-nxquduSB4ka_4I27zu3Q35fdohZhoYk6BMwz4ptuhnWtM2yQpIpV821ml2SikpZjoIQqdlObbkt8dz6hovwqF-4kjRZtYM5ZmzxS_2fBBrdclQktsJY8ffe4MkBr2Uios49pfQ6XQSeF85018BkYlW9jV6Vd18ae1tqRfFpF7we01VzcfQ1t9jOVttrqrySIUa-5wthl0soYzo4sv6zbixS0O0-zbWvW65s91v068XQjglQBazZ4vSsFIeaii-mzqU7URiF728QSFReb9qhOI-yhhxiQf_kr7RZsju-1hc57IXBpVVz_v1dvkuXfp9Sej5",
    "id_token": "eyJhbGciOiJSUzI1NiIsImtpZCI6ImQ5NzQwYTcwYjA5NzJkY2NmNzVmYTg4YmM1MjliZDE2YTMwNTczYmQiLCJ0eXAiOiJKV1QifQ.eyJhdWQiOiIzMjU1NTk0MDU1OS5hcHBzLmdvb2dsZXVzZXJjb250ZW50LmNvbSIsImF6cCI6IjEwNjgxNTQ2NDExNTQ3MDA4Mjc3NyIsImV4cCI6MTczMjE2MjM3OSwiaWF0IjoxNzMyMTU4Nzc5LCJpc3MiOiJodHRwczovL2FjY291bnRzLmdvb2dsZS5jb20iLCJzdWIiOiIxMDY4MTU0NjQxMTU0NzAwODI3NzcifQ.TwJTjbVlSdmR6d18rLdH9ry8iAC8OVwky60LwxC_B2KQx04jmXCe2P1-nKFPAslyeA_TdDf5kNLIeWpinpv6A6nZO5F6Dzfz5DOpROF4vHU9VSyU9bzPxG0eTJSowcZMHyHVnvUpjSRuaFmccot_GzDKX8rt3bFJjMXp940cxPjAj8zWwMH7sEq-c9zzOglVulzRZhPY-rz9ijJKxNw2n3bXX3Dml4HyYB1BskyJcxOlM7T7y9RI5JMrqUVbPX04-kfFw-697rA4-RDLBu4pkdZuSvzwrkRLHmyd4S4OBB3MgVGTmYHtOnmimWcjCDT7T6dy9uu4iHB7FA7lRrfwdg",
    "token_expiry": "2024-11-21T04:12:46Z"
  },
  "sentinels": {
    "config_sentinel": "/home/jupyter/.config/gcloud/config_sentinel"
  }
}
2024-11-21 03:13:00,043 INFO     ___FILE_ONLY___ 

2024-11-21 03:13:00,044 DEBUG    root            SDK update checks are disabled.
