2024-11-18 02:25:05,400 DEBUG    root            Loaded Command Group: ['gcloud', 'config']
2024-11-18 02:25:05,405 DEBUG    root            Loaded Command Group: ['gcloud', 'config', 'config_helper']
2024-11-18 02:25:05,409 DEBUG    root            Running [gcloud.config.config-helper] with arguments: [--format: "json", --min-expiry: "1800"]
2024-11-18 02:25:05,506 DEBUG    google.auth.transport.requests Making request: GET http://metadata.google.internal/computeMetadata/v1/instance/service-accounts/655293798093-compute@developer.gserviceaccount.com/?recursive=true
2024-11-18 02:25:05,511 DEBUG    urllib3.connectionpool Starting new HTTP connection (1): metadata.google.internal:80
2024-11-18 02:25:05,513 DEBUG    urllib3.connectionpool http://metadata.google.internal:80 "GET /computeMetadata/v1/instance/service-accounts/655293798093-compute@developer.gserviceaccount.com/?recursive=true HTTP/1.1" 200 155
2024-11-18 02:25:05,515 DEBUG    google.auth.transport.requests Making request: GET http://metadata.google.internal/computeMetadata/v1/instance/service-accounts/655293798093-compute@developer.gserviceaccount.com/token
2024-11-18 02:25:05,535 DEBUG    urllib3.connectionpool http://metadata.google.internal:80 "GET /computeMetadata/v1/instance/service-accounts/655293798093-compute@developer.gserviceaccount.com/token HTTP/1.1" 200 869
2024-11-18 02:25:05,561 DEBUG    root            Chosen display Format:default json
2024-11-18 02:25:05,562 INFO     root            Display format: "default json"
2024-11-18 02:25:05,634 INFO     ___FILE_ONLY___ {
  "configuration": {
    "active_configuration": "default",
    "properties": {
      "compute": {
        "region": "us-central1"
      },
      "core": {
        "account": "655293798093-compute@developer.gserviceaccount.com",
        "disable_usage_reporting": "True",
        "project": "oil-gas-analysis"
      },
      "dataproc": {
        "region": "us-central1"
      }
    }
  },
  "credential": {
    "access_token": "ya29.c.c0ASRK0GZOCtWZBpAjIXOdCx5rnvuEKid1PBbdS5FIWmO_Fb6FL1KNzVaLt3Ll-buvUjuq13xUkXrRiZ_Be3RWssMsX1ywcUOcr2AYONnXmd_oKv1glUHIGJPR2wwBTkfq40Jyxsj1FsgPLDeQI99QhE0c4LVUnc9Z2aJsAf-_cXEWla6z8fPtC0tVS9ST90u_s1DPgcJcxQbSo68iMPObViXH0sFu0l8nHuObxqasOIInZ5q6_hyIH6oKV_QjQZaNvr11f_ZA_UjUxYmwSa0DjySRemS72-EVz2br0XuStTSRzCdExSY7-KthvRiXp3mAGJ-hlHeHQbdOXj3gAdR51i0UMUUD4tbkeqQVFxlMzjD17HcjgD1FY_XUBpnfjCqL8IJfBdKFKk22nmXPds8DSgN415Arq8ankvjdY8vsSmW8Mrczjq-J_O3ixVviS2YZszgVm14jRxnYzj2BmuBklaMMZo56iFcx5pixzQVnVzfzZU1j6IS94rtqwpgaz7lI0YmJOeIh2wJS9gx4-w4ofqav2_p28hRrf-QohVJy6SqBzSZRIb9RSJ-6s81boIvOd6y2r61BjeS2Xpy-Y4v3MfXlSp-8Xb-9bZSZIQ54hFj5cBl6YJoRQgmiop4tIttMcf6SY2-jw3SMw2dwmZZbmunyfu3nj9UjtVXo9wsxSajfsvnn8bYWqgxQRr3esxeMVsUI9MVZ_VyczRctqIknQ2_p7uF2jSoUSpUBj0Fmm_jxxeS3_BzjlUeXVXmhjjbdxScZmx1oqzoqU9es9R_7MVn1w6BwQJ6u7ypXex5oqndibSm11w61kcRcOWyzI9MMZt-Yb0VFkjz_3dIo9v1jpUzUz0tV34kk16Zm_Rvq-12s97iZxuMmYuYMad5UsQ5Fjukyk7b0_Osv-Mm3S8dySaZsaYqo1R1cddhmBRB18ZskQ9myrigZqvuycXm0jXW1XglbnzgjhoVYMWgYFlUYSFu97_rUywuRn7iYZ287bVfJce6SIwqa8BB",
    "id_token": "eyJhbGciOiJSUzI1NiIsImtpZCI6IjFkYzBmMTcyZThkNmVmMzgyZDZkM2EyMzFmNmMxOTdkZDY4Y2U1ZWYiLCJ0eXAiOiJKV1QifQ.eyJhdWQiOiIzMjU1NTk0MDU1OS5hcHBzLmdvb2dsZXVzZXJjb250ZW50LmNvbSIsImF6cCI6IjEwNjgxNTQ2NDExNTQ3MDA4Mjc3NyIsImV4cCI6MTczMTkwMDMwNSwiaWF0IjoxNzMxODk2NzA1LCJpc3MiOiJodHRwczovL2FjY291bnRzLmdvb2dsZS5jb20iLCJzdWIiOiIxMDY4MTU0NjQxMTU0NzAwODI3NzcifQ.WapC3xynzSZil5xm0TNHwFeOW9T_hvJxBWzVV-whAbAINg6q2Y1HiSslhftZhnPtaVA_u5mybBJh8YAU6y751Z3H4afmvPRZ5G6RihZsyZFw032pdXLOPct0eCMLO7s_9TcMoR1gsV-fojPjW-quytufxTqtMKcG9eoA7OnThVfSsEuWBZOscaRarPVW_7gKz7cYCciTWoIExXC8EbRjxzqYk8XTSYG-_-eivOd7oUARHWqa0g2kFgaCXfZiFUtDiKv1fBPCcaTN7GBdep6BfU0Rcrxdp3dSA9eqBl5TzeTJm1qzB7v3UDHm0jF1T9UdA92Tw4oSQuhz4nTnV6PyxQ",
    "token_expiry": "2024-11-18T03:25:04Z"
  },
  "sentinels": {
    "config_sentinel": "/home/jupyter/.config/gcloud/config_sentinel"
  }
}
2024-11-18 02:25:05,635 INFO     ___FILE_ONLY___ 

2024-11-18 02:25:05,635 DEBUG    root            SDK update checks are disabled.
