2024-11-20 04:06:58,957 DEBUG    root            Loaded Command Group: ['gcloud', 'config']
2024-11-20 04:06:58,961 DEBUG    root            Loaded Command Group: ['gcloud', 'config', 'config_helper']
2024-11-20 04:06:58,964 DEBUG    root            Running [gcloud.config.config-helper] with arguments: [--format: "json", --min-expiry: "1800"]
2024-11-20 04:06:59,052 DEBUG    google.auth.transport.requests Making request: GET http://metadata.google.internal/computeMetadata/v1/instance/service-accounts/655293798093-compute@developer.gserviceaccount.com/?recursive=true
2024-11-20 04:06:59,056 DEBUG    urllib3.connectionpool Starting new HTTP connection (1): metadata.google.internal:80
2024-11-20 04:06:59,058 DEBUG    urllib3.connectionpool http://metadata.google.internal:80 "GET /computeMetadata/v1/instance/service-accounts/655293798093-compute@developer.gserviceaccount.com/?recursive=true HTTP/1.1" 200 155
2024-11-20 04:06:59,060 DEBUG    google.auth.transport.requests Making request: GET http://metadata.google.internal/computeMetadata/v1/instance/service-accounts/655293798093-compute@developer.gserviceaccount.com/token
2024-11-20 04:06:59,063 DEBUG    urllib3.connectionpool http://metadata.google.internal:80 "GET /computeMetadata/v1/instance/service-accounts/655293798093-compute@developer.gserviceaccount.com/token HTTP/1.1" 200 869
2024-11-20 04:06:59,078 DEBUG    root            Chosen display Format:default json
2024-11-20 04:06:59,078 INFO     root            Display format: "default json"
2024-11-20 04:06:59,139 INFO     ___FILE_ONLY___ {
  "configuration": {
    "active_configuration": "default",
    "properties": {
      "compute": {
        "region": "us-central1"
      },
      "core": {
        "account": "655293798093-compute@developer.gserviceaccount.com",
        "disable_usage_reporting": "True",
        "project": "oil-gas-analysis"
      },
      "dataproc": {
        "region": "us-central1"
      }
    }
  },
  "credential": {
    "access_token": "ya29.c.c0ASRK0GZ2OoO4lU2zUePe5ZcPf2M5c-tXmrBmhDgcypKKpKMsj6HSOkmIH23rlro-GwAo9e6guP6yDGX2F_hgMi-r50brY1bGaeE2F2J5ElLjjh8bKH4RbVXn68N5ApGc79wmODlBpu3YBbHUkOj5PSQpPgKHfo0s5iUiGtB13k9W8rDmo6maqxxF_E_DEAKFicAHnXj02zB_Ieo05jiDBhRh8CanA9rRO7wjJXAMwelAdYYncFo0intpe5mUVmTaME91krjZaC77362t5MUdxGbOmCSxg9Oe32y_J4shh7bXvRiBqtFAKLNwVZ7Zmw-LgFzsGNgcJxW9zMKdBcA9c4hsieSMhGpa5Ph5wifkVfIEE7Z7YtGEWHkDwhZJMGCt8qYJFkWfFOPLR7bG8KNYIwH415Dbv30hs5_aBm0QkmQRvf8IVahBlarMFMseSkBS3a5iJzBd9VJ4JZ-gjSpyprw-rr2V7JJX3fv3tmSJfX_eJfyxktomnFlgttmYXbYfmeZrM7JddjV6OvUzBO1hrUkp0vRpW18BOZng_vs9e6vS9lX3t-74m8XQnZWde-YRhzS0UqvoR07zkkf-JoJeBjXFRg8I8z0WkJxnbm1s_oeY19pk6_w23pkbzFyew6BoS3vrpXfZBlqgSknp9xg8efuR_7XWtYJ8eYI287MewBmOtax5f4RWQ9a51el-u_U4qzksVjiWQXB41jWp6Ze4ttJZkSQY-vYcnbcofVJsrshFxpdyU0gFl-z832uJ987fRlkIfjzwsXUehtkQ2zdYVSJwJps_I0x0XtIURmzj443yVyO4bf1UeY5xw23J5auwgOB15-gUhSkdWvsQwyB1WxzczJhbSsoRFdxQ2F8S2xYdo9ohjqkUBt79VeUh8IOhsRUU5peZpmY_1JlZbcmMr4ojR6--gs18jZizfawarkcnVwko2vO_c1m0jUcIkeuQ8__ct68bQ85Bwb0pZvsnYjSwq2BOZ7zXqyqYx0rSjWZ59qBgjJSlVxl",
    "id_token": "eyJhbGciOiJSUzI1NiIsImtpZCI6ImQ5NzQwYTcwYjA5NzJkY2NmNzVmYTg4YmM1MjliZDE2YTMwNTczYmQiLCJ0eXAiOiJKV1QifQ.eyJhdWQiOiIzMjU1NTk0MDU1OS5hcHBzLmdvb2dsZXVzZXJjb250ZW50LmNvbSIsImF6cCI6IjEwNjgxNTQ2NDExNTQ3MDA4Mjc3NyIsImV4cCI6MTczMjA3OTIxOSwiaWF0IjoxNzMyMDc1NjE5LCJpc3MiOiJodHRwczovL2FjY291bnRzLmdvb2dsZS5jb20iLCJzdWIiOiIxMDY4MTU0NjQxMTU0NzAwODI3NzcifQ.UKbRxCAU_ij4FtoqaJfEB1A0R5HQqc04epIbueGvVGnEQUrKoaURFUxI9pmw7QfNBxXM2FBHVlnO9sKVx9W0IA0rlhk3Y5is726vwDUlGieCmHcf8aq07vMyFcwHQHqDCX2So8fFXlB2K_o9OzanEss2lNfOdBobg1amAo0-KAINzSMh_kAh_glPyD7laOVJ4JnRAKlEddHQyboIRrCkFGMBDyhoY5d8E7z_BAaEn8IbSLGk6wkHqehbGju79P4hyzIFrJEzIj4nYqJSVq8upWfOshBMcDmxg44QGtGrf8vrFTWmu97EYDcLz66BX8Y7hP2p4BtGLUKx46FgcTyCOg",
    "token_expiry": "2024-11-20T05:06:44Z"
  },
  "sentinels": {
    "config_sentinel": "/home/jupyter/.config/gcloud/config_sentinel"
  }
}
2024-11-20 04:06:59,139 INFO     ___FILE_ONLY___ 

2024-11-20 04:06:59,140 DEBUG    root            SDK update checks are disabled.
