2024-11-19 21:27:31,662 DEBUG    root            Loaded Command Group: ['gcloud', 'config']
2024-11-19 21:27:31,668 DEBUG    root            Loaded Command Group: ['gcloud', 'config', 'config_helper']
2024-11-19 21:27:31,672 DEBUG    root            Running [gcloud.config.config-helper] with arguments: [--format: "json", --min-expiry: "1800"]
2024-11-19 21:27:31,761 DEBUG    google.auth.transport.requests Making request: GET http://metadata.google.internal/computeMetadata/v1/instance/service-accounts/655293798093-compute@developer.gserviceaccount.com/?recursive=true
2024-11-19 21:27:31,764 DEBUG    urllib3.connectionpool Starting new HTTP connection (1): metadata.google.internal:80
2024-11-19 21:27:31,766 DEBUG    urllib3.connectionpool http://metadata.google.internal:80 "GET /computeMetadata/v1/instance/service-accounts/655293798093-compute@developer.gserviceaccount.com/?recursive=true HTTP/1.1" 200 155
2024-11-19 21:27:31,768 DEBUG    google.auth.transport.requests Making request: GET http://metadata.google.internal/computeMetadata/v1/instance/service-accounts/655293798093-compute@developer.gserviceaccount.com/token
2024-11-19 21:27:31,771 DEBUG    urllib3.connectionpool http://metadata.google.internal:80 "GET /computeMetadata/v1/instance/service-accounts/655293798093-compute@developer.gserviceaccount.com/token HTTP/1.1" 200 866
2024-11-19 21:27:31,784 DEBUG    root            Chosen display Format:default json
2024-11-19 21:27:31,784 INFO     root            Display format: "default json"
2024-11-19 21:27:31,837 INFO     ___FILE_ONLY___ {
  "configuration": {
    "active_configuration": "default",
    "properties": {
      "compute": {
        "region": "us-central1"
      },
      "core": {
        "account": "655293798093-compute@developer.gserviceaccount.com",
        "disable_usage_reporting": "True",
        "project": "oil-gas-analysis"
      },
      "dataproc": {
        "region": "us-central1"
      }
    }
  },
  "credential": {
    "access_token": "ya29.c.c0ASRK0GZRj55dfGRJXIbmSd8xkAcspPrcCcfL8MkUVaCn-NULoHMa8AYnNp8j4BFqLwgbOAkfkdrGuwtmF9MkLlC0MCQrLDXcoIpQXHX5LvduibOO46c6bz15gOl9SVWvZld-JNIJa78lfOy4FSLc1362aYJ1MbbWplg7_CtHHB7dXq5-c3zWU_cyoBJ2dz6brp9S9MjObUXHKspodxYQeBgtIRhOOvsYV_soyC3wvFaB8ql39GWBuzbkTrPWcbHnQHlff4KIlYWRe2KBIR_8n-G15QDGWNkXGJuwu9gI2f0od6RyVPQ_gDvq_gjAHc2ob3HRkOHGE87kCcPZ0dPpE17HDqy1WwmDI8-b4zXb-IfexnMcFtneaPexSlEamYauG6uQLz2F5uBA7-7yE9UO_QH415CSZkvgRjszZvXcuf6ovVuFkZSYMSSem8waspfeOdyeSFOalrrV45p7JeRgyhUfxhxsRiYWnY-e20QcOt_5VcifflURbQSYIkBkknri488UpRXcXXIOJUJue20J9XUpOXrreVFsb8kb_1qv3B8yFhazww6QYpJ5-vBYSy1vQhO8-4nyWr7I0j2t0X33F1megI8UtoWqzdZB-3RhlyF-IIhl4WndI0WsbJlW0_utzJdFyg5quB_5iVJRkVcZYssJS--R5s23jBjjxjo0JFceUoyUmbcp8zOQdIYVo3gbv74UZ-IiVqfId0Y1wv3FgSfWf7WnpOYylU6l2bXyRt_atfSy_2uspZmUo67IcfU424xU9YyFMIQIg4c9Vltkbodhweb3n9-4sr4zukW3dVhsWFcys2MgZVd7FuvS2J9w8yhp_kR667t3duvwqwQfmJ6rojxJkcRWJboFUR0w6qdO_ljgwzvqv2c6aY9eYaaeJzoUwBdQ6yUby6wbI8oXeev5VqdfZd0hrFQleyqtd_W7nBW-lUko0ZIFY_c-n6ssf0vYfZusJZIzajqQrkcsmQr3Wm-Bsyb4_966FJysapaQa19_Mp67R3l",
    "id_token": "eyJhbGciOiJSUzI1NiIsImtpZCI6ImQ5NzQwYTcwYjA5NzJkY2NmNzVmYTg4YmM1MjliZDE2YTMwNTczYmQiLCJ0eXAiOiJKV1QifQ.eyJhdWQiOiIzMjU1NTk0MDU1OS5hcHBzLmdvb2dsZXVzZXJjb250ZW50LmNvbSIsImF6cCI6IjEwNjgxNTQ2NDExNTQ3MDA4Mjc3NyIsImV4cCI6MTczMjA1NTI1MSwiaWF0IjoxNzMyMDUxNjUxLCJpc3MiOiJodHRwczovL2FjY291bnRzLmdvb2dsZS5jb20iLCJzdWIiOiIxMDY4MTU0NjQxMTU0NzAwODI3NzcifQ.WIiwDznAhjZGfS13b7QR_HFlaLF21DT1rn1uU0SQyvTZdn495l2FSJWBJGuQYt7pkbgtRVtYxdnBao8g5HLOlJWW_a24jwSm2GASBd2IOUzW1ebkFAnmnGG9Hb6wWyRRt5wipiee8QPLmJZ75289_fyT0S3ZLy9Bs_Z7yaoAqph6F82O6ZyyJRc2rl1M2TIwFu0wBFmBEZlA05ApJE3jvQUVj0TjFsMNfM4N_AuAwbu1vtA_7YCH8z9OfD6mKGJlpMVcbaZeftrDlt2SiPfrzaGxX5Dblp_H8IQ61t-gRerV7nV8tg9fpxBHkzS2N5H-7CZ0pYiwvlwC1cyebCIEQA",
    "token_expiry": "2024-11-19T22:27:17Z"
  },
  "sentinels": {
    "config_sentinel": "/home/jupyter/.config/gcloud/config_sentinel"
  }
}
2024-11-19 21:27:31,837 INFO     ___FILE_ONLY___ 

2024-11-19 21:27:31,837 DEBUG    root            SDK update checks are disabled.
