2024-11-19 22:53:56,069 DEBUG    root            Loaded Command Group: ['gcloud', 'config']
2024-11-19 22:53:56,073 DEBUG    root            Loaded Command Group: ['gcloud', 'config', 'config_helper']
2024-11-19 22:53:56,075 DEBUG    root            Running [gcloud.config.config-helper] with arguments: [--format: "json", --min-expiry: "1800"]
2024-11-19 22:53:56,148 DEBUG    google.auth.transport.requests Making request: GET http://metadata.google.internal/computeMetadata/v1/instance/service-accounts/655293798093-compute@developer.gserviceaccount.com/?recursive=true
2024-11-19 22:53:56,151 DEBUG    urllib3.connectionpool Starting new HTTP connection (1): metadata.google.internal:80
2024-11-19 22:53:56,153 DEBUG    urllib3.connectionpool http://metadata.google.internal:80 "GET /computeMetadata/v1/instance/service-accounts/655293798093-compute@developer.gserviceaccount.com/?recursive=true HTTP/1.1" 200 155
2024-11-19 22:53:56,154 DEBUG    google.auth.transport.requests Making request: GET http://metadata.google.internal/computeMetadata/v1/instance/service-accounts/655293798093-compute@developer.gserviceaccount.com/token
2024-11-19 22:53:56,156 DEBUG    urllib3.connectionpool http://metadata.google.internal:80 "GET /computeMetadata/v1/instance/service-accounts/655293798093-compute@developer.gserviceaccount.com/token HTTP/1.1" 200 871
2024-11-19 22:53:56,195 DEBUG    root            Chosen display Format:default json
2024-11-19 22:53:56,195 INFO     root            Display format: "default json"
2024-11-19 22:53:56,243 INFO     ___FILE_ONLY___ {
  "configuration": {
    "active_configuration": "default",
    "properties": {
      "compute": {
        "region": "us-central1"
      },
      "core": {
        "account": "655293798093-compute@developer.gserviceaccount.com",
        "disable_usage_reporting": "True",
        "project": "oil-gas-analysis"
      },
      "dataproc": {
        "region": "us-central1"
      }
    }
  },
  "credential": {
    "access_token": "ya29.c.c0ASRK0GYVdBA1dSyrGVSfWxVrqerdcbFG4q-6DAbhS0qLoMGqo8oD8cNNjuhEfqV1VYh1Q-8Jpy4HmDXXmJ0SUAlqjn-DPAiv0ZjEei6FBrlXg1kZ47UpaI5Zqb6ZJ3GYJ2QJ216mFvnxMXaao2JwrPAOurD4e8c2gWt3SpbwSeT3BEjW51_pwgrfUl2z0xd1jj10gAz4F7XDJrY-n6ActJOdZqHxhMdXfeLhpVbRZFAEEDv3obU4AldKpPVcMBjJgVw5vYJx_maBrRBGmXOQGKfwOgH9HDBJfctv-_EU8rznVotjQlQhDSCqY-oKIvC1MgkFsLJRSHr8oyHxe9uxT7xSrY7en6pBYE13tP16fTC5tA0yf3LuABlAd_7V-MFnPIIzQsOyhnowtbA9NV5lH413Dqz202twWygBczv1sQ3hpfRnrFF58jY3mcWUZR7ctvg7Sv_w2OMymzobbnmdtsI7YtO_V2_B_l2-7M7sXyp4fvvrnysQpV3h3_d6IuWJ-029w5Fb6soZy2hY1rfq9Sh5RmRxsdm2afcxusbXJb5dZ2gu-ZssM0WmMwBt0XdBnM7bsyReIfFSb0ib765eRgo1Ozz8ms4O0Wy6yYakpVh1-WnjIw737ZMnfwhnncxYXVcZwdfzZqrgF16I3Z3SafyMxyj63lxeBM74z7S1wa-3MOIs-kZdZQcr8cYBivZl78U-YMyiygyMkhtYWwcWocoSwZBrjau7Zz9WeY5RUWhfnJQUwM67-9UYhMJ11WY_U2t3I4adudBOmZ_O4U9vwqB38gFXideJ84MB286l7se5ki_3uRg_OI219oZRjkJpzM9285-U8xugVxgt6ZY88kVxUX2fqq4yxRjM1azymzOBaS-O5XxapUFW3wIn8vO2xBswdjXq4WgroewaRoszY6dbYwiI1mQf_4zXpQuxl_cvYdV_XaeZ39UVFvo42R9XccF2WVp7tJUiy4OcZVxdtonUrgxX4w8X2RmvzMbIs-Fk-t5B7y8QWF0",
    "id_token": "eyJhbGciOiJSUzI1NiIsImtpZCI6ImQ5NzQwYTcwYjA5NzJkY2NmNzVmYTg4YmM1MjliZDE2YTMwNTczYmQiLCJ0eXAiOiJKV1QifQ.eyJhdWQiOiIzMjU1NTk0MDU1OS5hcHBzLmdvb2dsZXVzZXJjb250ZW50LmNvbSIsImF6cCI6IjEwNjgxNTQ2NDExNTQ3MDA4Mjc3NyIsImV4cCI6MTczMjA2MDQzNiwiaWF0IjoxNzMyMDU2ODM2LCJpc3MiOiJodHRwczovL2FjY291bnRzLmdvb2dsZS5jb20iLCJzdWIiOiIxMDY4MTU0NjQxMTU0NzAwODI3NzcifQ.JjEM1C5LsHNdiWg1ANyLBMGjC8-hGtAv7sv1lStamIPo27LTLHmFOoXkPHJ3OevhTAtiU1sQDm51EaosBP53rUG-01Pn_lv2ShdUnvwQkloaJdq3NgPpwNrZfUW6O_vL2TilSaQwtSo_jp5oi-KjRAg6w5-2VYspNTOuejXTfuFkQjyBOGRoj2BE3WpSo1T6g_z_IqpCyAucbfyQ_CblT_1pQER8cjBngwJXcaSxcXVRoeaIOzNpwNyESE6VvWCq_IiQMRPe7x7ooojbBjc2wLnJLxJ4Psr5gU1oZcMoj1zI2tsucQot5uGSy1mcigzCdREuiYc7GtHSkFVW-XM3gw",
    "token_expiry": "2024-11-19T23:53:44Z"
  },
  "sentinels": {
    "config_sentinel": "/home/jupyter/.config/gcloud/config_sentinel"
  }
}
2024-11-19 22:53:56,243 INFO     ___FILE_ONLY___ 

2024-11-19 22:53:56,243 DEBUG    root            SDK update checks are disabled.
