2024-11-19 22:54:05,786 DEBUG    root            Loaded Command Group: ['gcloud', 'auth']
2024-11-19 22:54:05,788 DEBUG    root            Loaded Command Group: ['gcloud', 'auth', 'configure_docker']
2024-11-19 22:54:05,790 DEBUG    root            Running [gcloud.auth.configure-docker] with arguments: [--quiet: "True"]
2024-11-19 22:54:05,839 WARNING  root            Your config file at [/home/jupyter/.docker/config.json] contains these credential helper entries:

{
  "credHelpers": {
    "gcr.io": "gcloud",
    "us.gcr.io": "gcloud",
    "eu.gcr.io": "gcloud",
    "asia.gcr.io": "gcloud",
    "staging-k8s.gcr.io": "gcloud",
    "marketplace.gcr.io": "gcloud"
  }
}
2024-11-19 22:54:05,840 INFO     ___FILE_ONLY___ Adding credentials for all GCR repositories.

2024-11-19 22:54:05,840 WARNING  root            A long list of credential helpers may cause delays running 'docker build'. We recommend passing the registry name to configure only the registry you are using.
2024-11-19 22:54:05,840 INFO     ___FILE_ONLY___ gcloud credential helpers already registered correctly.

2024-11-19 22:54:05,840 DEBUG    root            Chosen display Format:default
2024-11-19 22:54:05,841 INFO     root            Display format: "default"
2024-11-19 22:54:05,841 DEBUG    root            SDK update checks are disabled.
